[debug] [2021-05-17T15:18:44.589Z] ----------------------------------------------------------------------
[debug] [2021-05-17T15:18:44.591Z] Command:       C:\Program Files\nodejs\node.exe C:\Users\hasib\AppData\Roaming\npm\node_modules\firebase-tools\lib\bin\firebase.js emulators:start --only functions
[debug] [2021-05-17T15:18:44.591Z] CLI Version:   9.10.2
[debug] [2021-05-17T15:18:44.591Z] Platform:      win32
[debug] [2021-05-17T15:18:44.591Z] Node Version:  v14.15.5
[debug] [2021-05-17T15:18:44.594Z] Time:          Mon May 17 2021 18:18:44 GMT+0300 (GMT+03:00)
[debug] [2021-05-17T15:18:44.594Z] ----------------------------------------------------------------------
[debug] 
[debug] [2021-05-17T15:18:44.607Z] > command requires scopes: ["email","openid","https://www.googleapis.com/auth/cloudplatformprojects.readonly","https://www.googleapis.com/auth/firebase","https://www.googleapis.com/auth/cloud-platform"]
[debug] [2021-05-17T15:18:44.608Z] > authorizing via signed-in user (hasibeakar99@gmail.com)
[info] i  emulators: Starting emulators: functions {"metadata":{"emulator":{"name":"hub"},"message":"Starting emulators: functions"}}
[debug] [2021-05-17T15:18:44.637Z] [hub] writing locator at C:\Users\hasib\AppData\Local\Temp\hub-authenticationexample-d6068.json
[warn] !  functions: The following emulators are not running, calls to these services from the Functions emulator will affect production: auth, firestore, database, hosting, pubsub {"metadata":{"emulator":{"name":"functions"},"message":"The following emulators are not running, calls to these services from the Functions emulator will affect production: \u001b[1mauth, firestore, database, hosting, pubsub\u001b[22m"}}
[warn] !  Your requested "node" version "12" doesn't match your global version "14" {"metadata":{"emulator":{"name":"functions"},"message":"Your requested \"node\" version \"12\" doesn't match your global version \"14\""}}
[debug] [2021-05-17T15:18:44.695Z] defaultcredentials: writing to file C:\Users\hasib\AppData\Roaming\firebase\hasibeakar99_gmail_com_application_default_credentials.json
[debug] [2021-05-17T15:18:44.697Z] Setting GAC to C:\Users\hasib\AppData\Roaming\firebase\hasibeakar99_gmail_com_application_default_credentials.json {"metadata":{"emulator":{"name":"functions"},"message":"Setting GAC to C:\\Users\\hasib\\AppData\\Roaming\\firebase\\hasibeakar99_gmail_com_application_default_credentials.json"}}
[debug] [2021-05-17T15:18:44.701Z] > refreshing access token with scopes: []
[debug] [2021-05-17T15:18:44.704Z] >>> HTTP REQUEST POST https://www.googleapis.com/oauth2/v3/token  
 <request body omitted>
[debug] [2021-05-17T15:18:44.914Z] <<< HTTP RESPONSE 200 {"pragma":"no-cache","date":"Mon, 17 May 2021 15:18:44 GMT","expires":"Mon, 01 Jan 1990 00:00:00 GMT","cache-control":"no-cache, no-store, max-age=0, must-revalidate","content-type":"application/json; charset=utf-8","vary":"X-Origin, Referer, Origin,Accept-Encoding","server":"scaffolding on HTTPServer2","x-xss-protection":"0","x-frame-options":"SAMEORIGIN","x-content-type-options":"nosniff","alt-svc":"h3-29=\":443\"; ma=2592000,h3-T051=\":443\"; ma=2592000,h3-Q050=\":443\"; ma=2592000,h3-Q046=\":443\"; ma=2592000,h3-Q043=\":443\"; ma=2592000,quic=\":443\"; ma=2592000; v=\"46,43\"","accept-ranges":"none","transfer-encoding":"chunked"}
[debug] [2021-05-17T15:18:44.922Z] >>> [apiv2][query] GET https://firebase.googleapis.com/v1beta1/projects/authenticationexample-d6068/adminSdkConfig [none]
[debug] [2021-05-17T15:18:45.404Z] <<< [apiv2][status] GET https://firebase.googleapis.com/v1beta1/projects/authenticationexample-d6068/adminSdkConfig 200
[debug] [2021-05-17T15:18:45.404Z] <<< [apiv2][body] GET https://firebase.googleapis.com/v1beta1/projects/authenticationexample-d6068/adminSdkConfig {"projectId":"authenticationexample-d6068","storageBucket":"authenticationexample-d6068.appspot.com","locationId":"us-central"}
[debug] [2021-05-17T15:18:45.424Z] Ignoring unsupported arg: auto_download {"metadata":{"emulator":{"name":"ui"},"message":"Ignoring unsupported arg: auto_download"}}
[debug] [2021-05-17T15:18:45.424Z] Ignoring unsupported arg: port {"metadata":{"emulator":{"name":"ui"},"message":"Ignoring unsupported arg: port"}}
[debug] [2021-05-17T15:18:45.424Z] Starting Emulator UI with command {"binary":"node","args":["C:\\Users\\hasib\\.cache\\firebase\\emulators\\ui-v1.4.2\\server.bundle.js"],"optionalArgs":[],"joinArgs":false} {"metadata":{"emulator":{"name":"ui"},"message":"Starting Emulator UI with command {\"binary\":\"node\",\"args\":[\"C:\\\\Users\\\\hasib\\\\.cache\\\\firebase\\\\emulators\\\\ui-v1.4.2\\\\server.bundle.js\"],\"optionalArgs\":[],\"joinArgs\":false}"}}
[info] i  ui: Emulator UI logging to ui-debug.log {"metadata":{"emulator":{"name":"ui"},"message":"Emulator UI logging to \u001b[1mui-debug.log\u001b[22m"}}
[debug] [2021-05-17T15:18:45.576Z] Web / API server started at http://localhost:4000
 {"metadata":{"emulator":{"name":"ui"},"message":"Web / API server started at http://localhost:4000\n"}}
[info] i  functions: Watching "C:\Users\hasib\Desktop\authenticationExample\functions" for Cloud Functions... {"metadata":{"emulator":{"name":"functions"},"message":"Watching \"C:\\Users\\hasib\\Desktop\\authenticationExample\\functions\" for Cloud Functions..."}}
[debug] [2021-05-17T15:18:45.710Z] [worker-pool] addWorker(~diagnostic~) {"metadata":{"emulator":{"name":"functions"},"message":"[worker-pool] addWorker(~diagnostic~)"}}
[debug] [2021-05-17T15:18:45.710Z] [worker-pool] Adding worker with key ~diagnostic~, total=1 {"metadata":{"emulator":{"name":"functions"},"message":"[worker-pool] Adding worker with key ~diagnostic~, total=1"}}
[debug] [2021-05-17T15:18:45.710Z] [worker-pool] submitWork(triggerId=) {"metadata":{"emulator":{"name":"functions"},"message":"[worker-pool] submitWork(triggerId=)"}}
[debug] [2021-05-17T15:18:45.711Z] [worker-~diagnostic~-7a4d29f4-35dd-4635-bbef-8a0690495b74]: Assigning socketPath: \\?\pipe\C:\Users\hasib\Desktop\authenticationExample\functions\18856 {"metadata":{"emulator":{"name":"functions"},"message":"[worker-~diagnostic~-7a4d29f4-35dd-4635-bbef-8a0690495b74]: Assigning socketPath: \\\\?\\pipe\\C:\\Users\\hasib\\Desktop\\authenticationExample\\functions\\18856"}}
[debug] [2021-05-17T15:18:45.711Z] [worker-~diagnostic~-7a4d29f4-35dd-4635-bbef-8a0690495b74]: BUSY {"metadata":{"emulator":{"name":"functions"},"message":"[worker-~diagnostic~-7a4d29f4-35dd-4635-bbef-8a0690495b74]: BUSY"}}
[debug] [2021-05-17T15:18:46.049Z] [runtime-status] [18856] Functions runtime initialized. {"cwd":"C:\\Users\\hasib\\Desktop\\authenticationExample\\functions","node_version":"14.15.5"} {"metadata":{"emulator":{"name":"functions"},"message":"[runtime-status] [18856] Functions runtime initialized. {\"cwd\":\"C:\\\\Users\\\\hasib\\\\Desktop\\\\authenticationExample\\\\functions\",\"node_version\":\"14.15.5\"}"}}
[debug] [2021-05-17T15:18:46.050Z] [runtime-status] [18856] Disabled runtime features: undefined {"metadata":{"emulator":{"name":"functions"},"message":"[runtime-status] [18856] Disabled runtime features: undefined"}}
[debug] [2021-05-17T15:18:46.054Z] [runtime-status] [18856] Resolved module firebase-admin {"declared":true,"installed":true,"version":"9.8.0","resolution":"C:\\Users\\hasib\\Desktop\\authenticationExample\\functions\\node_modules\\firebase-admin\\lib\\index.js"} {"metadata":{"emulator":{"name":"functions"},"message":"[runtime-status] [18856] Resolved module firebase-admin {\"declared\":true,\"installed\":true,\"version\":\"9.8.0\",\"resolution\":\"C:\\\\Users\\\\hasib\\\\Desktop\\\\authenticationExample\\\\functions\\\\node_modules\\\\firebase-admin\\\\lib\\\\index.js\"}"}}
[debug] [2021-05-17T15:18:46.056Z] [runtime-status] [18856] Resolved module firebase-functions {"declared":true,"installed":true,"version":"3.14.0","resolution":"C:\\Users\\hasib\\Desktop\\authenticationExample\\functions\\node_modules\\firebase-functions\\lib\\index.js"} {"metadata":{"emulator":{"name":"functions"},"message":"[runtime-status] [18856] Resolved module firebase-functions {\"declared\":true,\"installed\":true,\"version\":\"3.14.0\",\"resolution\":\"C:\\\\Users\\\\hasib\\\\Desktop\\\\authenticationExample\\\\functions\\\\node_modules\\\\firebase-functions\\\\lib\\\\index.js\"}"}}
[debug] [2021-05-17T15:18:46.058Z] [runtime-status] [18856] Resolved module firebase-functions {"declared":true,"installed":true,"version":"3.14.0","resolution":"C:\\Users\\hasib\\Desktop\\authenticationExample\\functions\\node_modules\\firebase-functions\\lib\\index.js"} {"metadata":{"emulator":{"name":"functions"},"message":"[runtime-status] [18856] Resolved module firebase-functions {\"declared\":true,\"installed\":true,\"version\":\"3.14.0\",\"resolution\":\"C:\\\\Users\\\\hasib\\\\Desktop\\\\authenticationExample\\\\functions\\\\node_modules\\\\firebase-functions\\\\lib\\\\index.js\"}"}}
[debug] [2021-05-17T15:18:46.060Z] [runtime-status] [18856] Outgoing network have been stubbed. [{"name":"http","status":"mocked"},{"name":"http","status":"mocked"},{"name":"https","status":"mocked"},{"name":"https","status":"mocked"},{"name":"net","status":"mocked"}] {"metadata":{"emulator":{"name":"functions"},"message":"[runtime-status] [18856] Outgoing network have been stubbed. [{\"name\":\"http\",\"status\":\"mocked\"},{\"name\":\"http\",\"status\":\"mocked\"},{\"name\":\"https\",\"status\":\"mocked\"},{\"name\":\"https\",\"status\":\"mocked\"},{\"name\":\"net\",\"status\":\"mocked\"}]"}}
[debug] [2021-05-17T15:18:46.061Z] [runtime-status] [18856] Resolved module firebase-functions {"declared":true,"installed":true,"version":"3.14.0","resolution":"C:\\Users\\hasib\\Desktop\\authenticationExample\\functions\\node_modules\\firebase-functions\\lib\\index.js"} {"metadata":{"emulator":{"name":"functions"},"message":"[runtime-status] [18856] Resolved module firebase-functions {\"declared\":true,\"installed\":true,\"version\":\"3.14.0\",\"resolution\":\"C:\\\\Users\\\\hasib\\\\Desktop\\\\authenticationExample\\\\functions\\\\node_modules\\\\firebase-functions\\\\lib\\\\index.js\"}"}}
[debug] [2021-05-17T15:18:46.143Z] [runtime-status] [18856] Checked functions.config() {"config":{}} {"metadata":{"emulator":{"name":"functions"},"message":"[runtime-status] [18856] Checked functions.config() {\"config\":{}}"}}
[debug] [2021-05-17T15:18:46.143Z] [runtime-status] [18856] firebase-functions has been stubbed. {"functionsResolution":{"declared":true,"installed":true,"version":"3.14.0","resolution":"C:\\Users\\hasib\\Desktop\\authenticationExample\\functions\\node_modules\\firebase-functions\\lib\\index.js"}} {"metadata":{"emulator":{"name":"functions"},"message":"[runtime-status] [18856] firebase-functions has been stubbed. {\"functionsResolution\":{\"declared\":true,\"installed\":true,\"version\":\"3.14.0\",\"resolution\":\"C:\\\\Users\\\\hasib\\\\Desktop\\\\authenticationExample\\\\functions\\\\node_modules\\\\firebase-functions\\\\lib\\\\index.js\"}}"}}
[debug] [2021-05-17T15:18:46.144Z] [runtime-status] [18856] Resolved module firebase-functions {"declared":true,"installed":true,"version":"3.14.0","resolution":"C:\\Users\\hasib\\Desktop\\authenticationExample\\functions\\node_modules\\firebase-functions\\lib\\index.js"} {"metadata":{"emulator":{"name":"functions"},"message":"[runtime-status] [18856] Resolved module firebase-functions {\"declared\":true,\"installed\":true,\"version\":\"3.14.0\",\"resolution\":\"C:\\\\Users\\\\hasib\\\\Desktop\\\\authenticationExample\\\\functions\\\\node_modules\\\\firebase-functions\\\\lib\\\\index.js\"}"}}
[debug] [2021-05-17T15:18:46.145Z] [runtime-status] [18856] Resolved module firebase-admin {"declared":true,"installed":true,"version":"9.8.0","resolution":"C:\\Users\\hasib\\Desktop\\authenticationExample\\functions\\node_modules\\firebase-admin\\lib\\index.js"} {"metadata":{"emulator":{"name":"functions"},"message":"[runtime-status] [18856] Resolved module firebase-admin {\"declared\":true,\"installed\":true,\"version\":\"9.8.0\",\"resolution\":\"C:\\\\Users\\\\hasib\\\\Desktop\\\\authenticationExample\\\\functions\\\\node_modules\\\\firebase-admin\\\\lib\\\\index.js\"}"}}
[debug] [2021-05-17T15:18:46.146Z] [runtime-status] [18856] Resolved module firebase-functions {"declared":true,"installed":true,"version":"3.14.0","resolution":"C:\\Users\\hasib\\Desktop\\authenticationExample\\functions\\node_modules\\firebase-functions\\lib\\index.js"} {"metadata":{"emulator":{"name":"functions"},"message":"[runtime-status] [18856] Resolved module firebase-functions {\"declared\":true,\"installed\":true,\"version\":\"3.14.0\",\"resolution\":\"C:\\\\Users\\\\hasib\\\\Desktop\\\\authenticationExample\\\\functions\\\\node_modules\\\\firebase-functions\\\\lib\\\\index.js\"}"}}
[debug] [2021-05-17T15:18:46.146Z] [runtime-status] [18856] firebase-admin has been stubbed. {"adminResolution":{"declared":true,"installed":true,"version":"9.8.0","resolution":"C:\\Users\\hasib\\Desktop\\authenticationExample\\functions\\node_modules\\firebase-admin\\lib\\index.js"}} {"metadata":{"emulator":{"name":"functions"},"message":"[runtime-status] [18856] firebase-admin has been stubbed. {\"adminResolution\":{\"declared\":true,\"installed\":true,\"version\":\"9.8.0\",\"resolution\":\"C:\\\\Users\\\\hasib\\\\Desktop\\\\authenticationExample\\\\functions\\\\node_modules\\\\firebase-admin\\\\lib\\\\index.js\"}}"}}
[debug] [2021-05-17T15:18:46.460Z] [runtime-status] [18856] initializeApp(DEFAULT) {"credential":{"implicit":false,"projectId":"authenticationexample-d6068","privateKey":"-----BEGIN PRIVATE KEY-----\nMIIEvQIBADANBgkqhkiG9w0BAQEFAASCBKcwggSjAgEAAoIBAQCeG6U007/RKxcB\npppPGBkRZfz9ar5feQc1+9U0kEfw44WvO5DePGVVOY5D98F9Fl2mkArbIzydey6z\nWv3LiX/H1gbZhr1XyzBckx6zf7CIqsud1ILPtd4e//3pOD6jdIpmqhLYaKfn0xt+\nuKH4PDY77D6guksnTuvLDD1Si25iP0vHLSiHH3hLg0JkL2P2A19meH7kIkagwA/A\neJ7Uxw0Hrkeq0dhZE3wYM8DihSRH01GABS5OwCn9RT+rOIcEJqv3aqcfysFW52+t\nEeyyGy4RRa5V1z/u5huEWRj7FQPOkGY2dThspg96vVbpFRffPevPYdf7iW3IFykW\nOF1bVcVDAgMBAAECggEAICzuFO8WtSF4wBxAgOIdj93ae1PyxAkkP4ctX1IRYeNb\nfEq585AE6zAYVJqh5KvdiRz9KJVmK4I7AcL9rSMhPvC+WhxCghBWmjBSaiMNMPLZ\nFxh9Onn/Zv2flYudq7P2ymfICARcTyA2EzbNt2/BdbZhFGJ1Et3LvHmULS003IdF\nIJQAemFYrA5YtD9fOD1qK+cv5Mg+gfBUx3d98jXlcMnBNtPKi1jpdxV9rddeIcsl\nmNBiy+EpGJ58yJnMBrJrwPmu9gSKLyc8DHVDt2FjlfyGfNzgZNPs8w3O1c+DgDsT\np6jA9KDABACpc7wB3USimEa1l6lZKpbmmLMFhgXVIQKBgQDO94dEJdofvISoBT26\nhZpd8E8cyjYVyd1otU0jOx6JPqswY3WmWUQps65rHUnoz8bon0MHVdYSVuwt8SBL\n1krbOhJBbwREOgzLyTzwV8zeqSVGQ3Edoej25Rr5JrYT0+6hE9OcZ8Uwoyp+Kewo\n6tTx0IZ1l7+o5g/W9E7P9BjYkQKBgQDDkNclCiY/3c7GPRVCVR9PLMX6RxDisbVR\n6z5rijqOD3jepKV5P1XrOJqqOIh911hMUSTSEahBRKegIYEx797NFcRZfQk0qJVm\npUBM0ueA/6qyBYz6q1gNtDU9QyzfIYdNf+jn8jA6cazO8yZK0LyXZNoU5MI1rBv9\nbxAv4r/KkwKBgEEzTZO0cQDqfMgJzqaCDF1npSSmt18p1uxzoTdmGnqWGYwG6Ttc\nh9KzXlE0SuJjAoCqG42mBuiEJadbfRcnDTH/G10twiRUPU+9t8rnfgzvMGTwPiRd\nq2yMRHEVNusMKvLnshRlxINMA8j3IATL5gW/8Xv+MEzfHUJUeLeeaG1hAoGAbEa8\nJ4DIDqJDApT9OT2h2RdEAb7pBWo4psNlSus8Yj0EwdhM2aWMb3BmiYpFX88jzxU6\nGqi2DHTzjgAe5MQXCltb2+QTfbk9BpjF0gMPM+fZ3TifhoXpeaTluSaBKIUKwYjp\nLcp0k1cuw2HyOIf7cqLe76R8NnU1BgtA3hJf98sCgYEAygICx6u1omqMfaV8BRh/\nmQPV/CIMq6eI2aBd8a/SlEjYM3LMpRkBHlhrwWnxPG5a3tBWnzqWDLdmBABdqNRc\nTjo6z3mPoqDWyvoq010qlmnNFszSnmNJAhwVbe/CQp8ibIq7WoqVRiwSVT9lbhsc\nwmO/1CFxbVGW430xh1WUAR4=\n-----END PRIVATE KEY-----\n","clientEmail":"firebase-adminsdk-quhnw@authenticationexample-d6068.iam.gserviceaccount.com","httpClient":{"retry":{"maxRetries":4,"statusCodes":[503],"ioErrorCodes":["ECONNRESET","ETIMEDOUT"],"backOffFactor":0.5,"maxDelayInMillis":60000}}}} {"metadata":{"emulator":{"name":"functions"},"message":"[runtime-status] [18856] initializeApp(DEFAULT) {\"credential\":{\"implicit\":false,\"projectId\":\"authenticationexample-d6068\",\"privateKey\":\"-----BEGIN PRIVATE KEY-----\\nMIIEvQIBADANBgkqhkiG9w0BAQEFAASCBKcwggSjAgEAAoIBAQCeG6U007/RKxcB\\npppPGBkRZfz9ar5feQc1+9U0kEfw44WvO5DePGVVOY5D98F9Fl2mkArbIzydey6z\\nWv3LiX/H1gbZhr1XyzBckx6zf7CIqsud1ILPtd4e//3pOD6jdIpmqhLYaKfn0xt+\\nuKH4PDY77D6guksnTuvLDD1Si25iP0vHLSiHH3hLg0JkL2P2A19meH7kIkagwA/A\\neJ7Uxw0Hrkeq0dhZE3wYM8DihSRH01GABS5OwCn9RT+rOIcEJqv3aqcfysFW52+t\\nEeyyGy4RRa5V1z/u5huEWRj7FQPOkGY2dThspg96vVbpFRffPevPYdf7iW3IFykW\\nOF1bVcVDAgMBAAECggEAICzuFO8WtSF4wBxAgOIdj93ae1PyxAkkP4ctX1IRYeNb\\nfEq585AE6zAYVJqh5KvdiRz9KJVmK4I7AcL9rSMhPvC+WhxCghBWmjBSaiMNMPLZ\\nFxh9Onn/Zv2flYudq7P2ymfICARcTyA2EzbNt2/BdbZhFGJ1Et3LvHmULS003IdF\\nIJQAemFYrA5YtD9fOD1qK+cv5Mg+gfBUx3d98jXlcMnBNtPKi1jpdxV9rddeIcsl\\nmNBiy+EpGJ58yJnMBrJrwPmu9gSKLyc8DHVDt2FjlfyGfNzgZNPs8w3O1c+DgDsT\\np6jA9KDABACpc7wB3USimEa1l6lZKpbmmLMFhgXVIQKBgQDO94dEJdofvISoBT26\\nhZpd8E8cyjYVyd1otU0jOx6JPqswY3WmWUQps65rHUnoz8bon0MHVdYSVuwt8SBL\\n1krbOhJBbwREOgzLyTzwV8zeqSVGQ3Edoej25Rr5JrYT0+6hE9OcZ8Uwoyp+Kewo\\n6tTx0IZ1l7+o5g/W9E7P9BjYkQKBgQDDkNclCiY/3c7GPRVCVR9PLMX6RxDisbVR\\n6z5rijqOD3jepKV5P1XrOJqqOIh911hMUSTSEahBRKegIYEx797NFcRZfQk0qJVm\\npUBM0ueA/6qyBYz6q1gNtDU9QyzfIYdNf+jn8jA6cazO8yZK0LyXZNoU5MI1rBv9\\nbxAv4r/KkwKBgEEzTZO0cQDqfMgJzqaCDF1npSSmt18p1uxzoTdmGnqWGYwG6Ttc\\nh9KzXlE0SuJjAoCqG42mBuiEJadbfRcnDTH/G10twiRUPU+9t8rnfgzvMGTwPiRd\\nq2yMRHEVNusMKvLnshRlxINMA8j3IATL5gW/8Xv+MEzfHUJUeLeeaG1hAoGAbEa8\\nJ4DIDqJDApT9OT2h2RdEAb7pBWo4psNlSus8Yj0EwdhM2aWMb3BmiYpFX88jzxU6\\nGqi2DHTzjgAe5MQXCltb2+QTfbk9BpjF0gMPM+fZ3TifhoXpeaTluSaBKIUKwYjp\\nLcp0k1cuw2HyOIf7cqLe76R8NnU1BgtA3hJf98sCgYEAygICx6u1omqMfaV8BRh/\\nmQPV/CIMq6eI2aBd8a/SlEjYM3LMpRkBHlhrwWnxPG5a3tBWnzqWDLdmBABdqNRc\\nTjo6z3mPoqDWyvoq010qlmnNFszSnmNJAhwVbe/CQp8ibIq7WoqVRiwSVT9lbhsc\\nwmO/1CFxbVGW430xh1WUAR4=\\n-----END PRIVATE KEY-----\\n\",\"clientEmail\":\"firebase-adminsdk-quhnw@authenticationexample-d6068.iam.gserviceaccount.com\",\"httpClient\":{\"retry\":{\"maxRetries\":4,\"statusCodes\":[503],\"ioErrorCodes\":[\"ECONNRESET\",\"ETIMEDOUT\"],\"backOffFactor\":0.5,\"maxDelayInMillis\":60000}}}}"}}
[warn] !  functions: The Cloud Firestore emulator is not running, so calls to Firestore will affect production. {"metadata":{"emulator":{"name":"functions"},"message":"The Cloud Firestore emulator is not running, so calls to Firestore will affect production."}}
[info] +  functions[api]: http function initialized (http://localhost:5001/authenticationexample-d6068/us-central1/api). {"metadata":{"emulator":{"name":"functions"},"message":"\u001b[1mhttp\u001b[22m function initialized (http://localhost:5001/authenticationexample-d6068/us-central1/api)."}}
[info] 
┌─────────────────────────────────────────────────────────────┐
│ ✔  All emulators ready! It is now safe to connect your app. │
│ i  View Emulator UI at http://localhost:4000                │
└─────────────────────────────────────────────────────────────┘

┌───────────┬────────────────┬─────────────────────────────────┐
│ Emulator  │ Host:Port      │ View in Emulator UI             │
├───────────┼────────────────┼─────────────────────────────────┤
│ Functions │ localhost:5001 │ http://localhost:4000/functions │
└───────────┴────────────────┴─────────────────────────────────┘
  Emulator Hub running at localhost:4400
  Other reserved ports: 4500

Issues? Report them at https://github.com/firebase/firebase-tools/issues and attach the *-debug.log files.
 
[debug] [2021-05-17T15:18:47.222Z] [worker-~diagnostic~-7a4d29f4-35dd-4635-bbef-8a0690495b74]: IDLE {"metadata":{"emulator":{"name":"functions"},"message":"[worker-~diagnostic~-7a4d29f4-35dd-4635-bbef-8a0690495b74]: IDLE"}}
